<?xml version="1.0" encoding="UTF-8"?>
<!-- Generated by org.testng.reporters.JUnitReportReporter -->
<testsuite hostname="DESKTOP-S9F8K9E" failures="0" tests="2" name="test.VerifyRoomsPageButton" time="19.077" errors="0" timestamp="2022-09-19T17:47:59 IST" skipped="0">
  <testcase classname="test.VerifyRoomsPageButton" name="test2" time="9.497"/>
  <system-out/>
  <testcase classname="test.VerifyRoomsPageButton" name="test1" time="9.580"/>
  <system-out/>
</testsuite> <!-- test.VerifyRoomsPageButton -->
